{"/Users/wade/iMarts/others/vueJest/components/app.vue": {"path":"/Users/wade/iMarts/others/vueJest/components/app.vue","statementMap":{"0":{"start":{"line":6,"column":0},"end":{"line":12,"column":null}},"1":{"start":{"line":8,"column":0},"end":{"line":10,"column":null}}},"fnMap":{"0":{"name":"(anonymous_1)","decl":{"start":{"line":7,"column":0},"end":{"line":7,"column":null}},"loc":{"start":{"line":7,"column":0},"end":{"line":11,"column":null}}}},"branchMap":{},"s":{"0":1,"1":1},"f":{"0":1},"b":{}}
}
